Flow report for somador1bit
Mon Aug  2 22:54:31 2021
Quartus II 64-Bit Version 13.0.1 Build 232 06/12/2013 Service Pack 1 SJ Web Edition


---------------------
; Table of Contents ;
---------------------
  1. Legal Notice
  2. Flow Summary
  3. Flow Settings
  4. Flow Non-Default Global Settings
  5. Flow Elapsed Time
  6. Flow OS Summary
  7. Flow Log
  8. Flow Messages
  9. Flow Suppressed Messages



----------------
; Legal Notice ;
----------------
Copyright (C) 1991-2013 Altera Corporation
Your use of Altera Corporation's design tools, logic functions 
and other software and tools, and its AMPP partner logic 
functions, and any output files from any of the foregoing 
(including device programming or simulation files), and any 
associated documentation or information are expressly subject 
to the terms and conditions of the Altera Program License 
Subscription Agreement, Altera MegaCore Function License 
Agreement, or other applicable license agreement, including, 
without limitation, that your use is for the sole purpose of 
programming logic devices manufactured by Altera and sold by 
Altera or its authorized distributors.  Please refer to the 
applicable agreement for further details.



+--------------------------------------------------------------------------------------+
; Flow Summary                                                                         ;
+------------------------------------+-------------------------------------------------+
; Flow Status                        ; Successful - Mon Aug  2 22:54:31 2021           ;
; Quartus II 64-Bit Version          ; 13.0.1 Build 232 06/12/2013 SP 1 SJ Web Edition ;
; Revision Name                      ; somador1bit                                     ;
; Top-level Entity Name              ; somador4bit                                     ;
; Family                             ; Cyclone II                                      ;
; Device                             ; EP2C20F484C7                                    ;
; Timing Models                      ; Final                                           ;
; Total logic elements               ; 9 / 18,752 ( < 1 % )                            ;
;     Total combinational functions  ; 9 / 18,752 ( < 1 % )                            ;
;     Dedicated logic registers      ; 0 / 18,752 ( 0 % )                              ;
; Total registers                    ; 0                                               ;
; Total pins                         ; 14 / 315 ( 4 % )                                ;
; Total virtual pins                 ; 0                                               ;
; Total memory bits                  ; 0 / 239,616 ( 0 % )                             ;
; Embedded Multiplier 9-bit elements ; 0 / 52 ( 0 % )                                  ;
; Total PLLs                         ; 0 / 4 ( 0 % )                                   ;
+------------------------------------+-------------------------------------------------+


+-----------------------------------------+
; Flow Settings                           ;
+-------------------+---------------------+
; Option            ; Setting             ;
+-------------------+---------------------+
; Start date & time ; 08/02/2021 22:53:15 ;
; Main task         ; Compilation         ;
; Revision Name     ; somador1bit         ;
+-------------------+---------------------+


+----------------------------------------------------------------------------------------------------------------------------+
; Flow Non-Default Global Settings                                                                                           ;
+-------------------------------------+---------------------------------------+---------------+-------------+----------------+
; Assignment Name                     ; Value                                 ; Default Value ; Entity Name ; Section Id     ;
+-------------------------------------+---------------------------------------+---------------+-------------+----------------+
; COMPILER_SIGNATURE_ID               ; 0.162795919509019                     ; --            ; --          ; --             ;
; EDA_OUTPUT_DATA_FORMAT              ; Vhdl                                  ; --            ; --          ; eda_simulation ;
; EDA_SIMULATION_TOOL                 ; ModelSim-Altera (VHDL)                ; <None>        ; --          ; --             ;
; MAX_CORE_JUNCTION_TEMP              ; 85                                    ; --            ; --          ; --             ;
; MIN_CORE_JUNCTION_TEMP              ; 0                                     ; --            ; --          ; --             ;
; PARTITION_COLOR                     ; 16764057                              ; --            ; somador4bit ; Top            ;
; PARTITION_FITTER_PRESERVATION_LEVEL ; PLACEMENT_AND_ROUTING                 ; --            ; somador4bit ; Top            ;
; PARTITION_NETLIST_TYPE              ; SOURCE                                ; --            ; somador4bit ; Top            ;
; POWER_BOARD_THERMAL_MODEL           ; None (CONSERVATIVE)                   ; --            ; --          ; --             ;
; POWER_PRESET_COOLING_SOLUTION       ; 23 MM HEAT SINK WITH 200 LFPM AIRFLOW ; --            ; --          ; --             ;
; PROJECT_OUTPUT_DIRECTORY            ; output_files                          ; --            ; --          ; --             ;
; TOP_LEVEL_ENTITY                    ; somador4bit                           ; somador1bit   ; --          ; --             ;
+-------------------------------------+---------------------------------------+---------------+-------------+----------------+


+-------------------------------------------------------------------------------------------------------------------------------+
; Flow Elapsed Time                                                                                                             ;
+---------------------------+--------------+-------------------------+---------------------+------------------------------------+
; Module Name               ; Elapsed Time ; Average Processors Used ; Peak Virtual Memory ; Total CPU Time (on all processors) ;
+---------------------------+--------------+-------------------------+---------------------+------------------------------------+
; Analysis & Synthesis      ; 00:00:07     ; 1.0                     ; 586 MB              ; 00:00:06                           ;
; Fitter                    ; 00:00:15     ; 1.0                     ; 662 MB              ; 00:00:15                           ;
; Assembler                 ; 00:00:06     ; 1.0                     ; 539 MB              ; 00:00:06                           ;
; TimeQuest Timing Analyzer ; 00:00:03     ; 1.0                     ; 483 MB              ; 00:00:03                           ;
; EDA Netlist Writer        ; 00:00:02     ; 1.0                     ; 777 MB              ; 00:00:02                           ;
; Total                     ; 00:00:33     ; --                      ; --                  ; 00:00:32                           ;
+---------------------------+--------------+-------------------------+---------------------+------------------------------------+


+-----------------------------------------------------------------------------------------+
; Flow OS Summary                                                                         ;
+---------------------------+------------------+------------+------------+----------------+
; Module Name               ; Machine Hostname ; OS Name    ; OS Version ; Processor type ;
+---------------------------+------------------+------------+------------+----------------+
; Analysis & Synthesis      ; ThiagoWesley     ; Linux Mint ; 20         ; x86_64         ;
; Fitter                    ; ThiagoWesley     ; Linux Mint ; 20         ; x86_64         ;
; Assembler                 ; ThiagoWesley     ; Linux Mint ; 20         ; x86_64         ;
; TimeQuest Timing Analyzer ; ThiagoWesley     ; Linux Mint ; 20         ; x86_64         ;
; EDA Netlist Writer        ; ThiagoWesley     ; Linux Mint ; 20         ; x86_64         ;
+---------------------------+------------------+------------+------------+----------------+


------------
; Flow Log ;
------------
quartus_map --read_settings_files=on --write_settings_files=off somador1bit -c somador1bit
quartus_fit --read_settings_files=off --write_settings_files=off somador1bit -c somador1bit
quartus_asm --read_settings_files=off --write_settings_files=off somador1bit -c somador1bit
quartus_sta somador1bit -c somador1bit
quartus_eda --read_settings_files=off --write_settings_files=off somador1bit -c somador1bit



